<?xml version="1.0" encoding="UTF-8"?>
<testsuite name="es.dcortesf.jenkins.HolaControllerTest" time="0.59" tests="3" errors="0" skipped="0" failures="1">
  <properties>
[...]
</properties>
  <testcase name="raiz" classname="es.dcortesf.jenkins.HolaControllerTest" time="0.142"/>
  <testcase name="holaSinParametros" classname="es.dcortesf.jenkins.HolaControllerTest" time="0.433"/>
  <testcase name="holaDavid" classname="es.dcortesf.jenkins.HolaControllerTest" time="0.015">
    <failure message="Response content&#10;Expected: a string containing &quot;¡Hola David!a&quot;&#10;     but: was &quot;&lt;!DOCTYPE HTML&gt;&#10;&#10;&lt;html&gt;&#10;&lt;head&gt;&#10;    &lt;title&gt;Simple Springboot App&lt;/title&gt;&#10;    &lt;meta http-equiv=&quot;Content-Type&quot; content=&quot;text/html; charset=UTF-8&quot; /&gt;&#10;&lt;/head&gt;&#10;&lt;body&gt;&#10;    &lt;p&gt;¡Hola David!&lt;/p&gt;&#10;&lt;/body&gt;&#10;&lt;/html&gt;&#10;&quot;" type="java.lang.AssertionError"><![CDATA[java.lang.AssertionError: Response content
Expected: a string containing "¡Hola David!a"
     but: was "<!DOCTYPE HTML>

<html>
<head>
    <title>Simple Springboot App</title>
    <meta http-equiv="Content-Type" content="text/html; charset=UTF-8" />
</head>
<body>
    <p>¡Hola David!</p>
</body>
</html>
"
	at org.hamcrest.MatcherAssert.assertThat(MatcherAssert.java:20)
	at org.springframework.test.web.servlet.result.ContentResultMatchers$4.match(ContentResultMatchers.java:137)
	at org.springframework.test.web.servlet.MockMvc$1.andExpect(MockMvc.java:171)
	at es.dcortesf.jenkins.HolaControllerTest.holaDavid(HolaControllerTest.java:57)
]]></failure>
    <system-out><![CDATA[2017-04-05 12:57:44.452  INFO 5139 --- [           main] o.s.b.test.SpringBootMockServletContext  : Initializing Spring FrameworkServlet ''
2017-04-05 12:57:44.453  INFO 5139 --- [           main] o.s.t.web.servlet.TestDispatcherServlet  : FrameworkServlet '': initialization started
2017-04-05 12:57:44.456  INFO 5139 --- [           main] o.s.t.web.servlet.TestDispatcherServlet  : FrameworkServlet '': initialization completed in 3 ms
]]></system-out>
  </testcase>
</testsuite>